[2025-09-20 23:45:31,223] INFO - Server started and waiting for requests...
[2025-09-20 23:47:00,788] INFO - Server started and waiting for requests...
[2025-09-20 23:47:00,788] INFO - >>> ping {}
[2025-09-20 23:47:00,788] INFO - <<< ping OK
[2025-09-20 23:47:00,797] INFO - EOF or invalid frame. Exiting.
[2025-09-20 23:47:09,908] INFO - Server started and waiting for requests...
[2025-09-20 23:47:09,908] INFO - >>> catalog_list {}
[2025-09-20 23:47:09,908] INFO - <<< catalog_list OK
[2025-09-20 23:47:09,915] INFO - EOF or invalid frame. Exiting.
[2025-09-21 01:29:52,738] INFO - Server started and waiting for requests...
[2025-09-21 01:30:19,381] INFO - Server started and waiting for requests...
[2025-09-21 01:30:19,381] INFO - >>> ping {}
[2025-09-21 01:30:19,382] INFO - <<< ping OK
[2025-09-21 01:30:19,389] INFO - EOF or invalid frame. Exiting.
[2025-09-21 01:30:21,584] INFO - Server started and waiting for requests...
[2025-09-21 01:30:21,584] INFO - >>> catalog_list {}
[2025-09-21 01:30:21,584] INFO - <<< catalog_list OK
[2025-09-21 01:30:21,594] INFO - EOF or invalid frame. Exiting.
[2025-09-21 01:44:46,756] INFO - Server started and waiting for requests...
[2025-09-21 01:45:45,324] INFO - >>> select_bearing {'Fr_N': 4500.0, 'Fa_N': 3000.0, 'rpm': 1750.0, 'L10h_target': 15000.0, 'reliability_percent': 95, 'temperature_C': 40.0, 'lubrication': 'oil'}
[2025-09-21 01:45:45,325] INFO - <<< select_bearing OK
[2025-09-21 01:46:11,366] INFO - >>> ping {}
[2025-09-21 01:46:11,366] INFO - <<< ping OK
[2025-09-21 02:04:41,521] INFO - Server started and waiting for requests...
[2025-09-21 02:04:44,793] INFO - EOF or invalid frame. Exiting.
[2025-09-21 16:45:40,087] INFO - Server started and waiting for requests...
[2025-09-21 16:46:05,361] INFO - >>> select_bearing {'Fr_N': 3500.0, 'Fa_N': 1200.0, 'rpm': 1800.0, 'L10h_target': 12000.0, 'reliability_percent': 90, 'temperature_C': 40.0, 'lubrication': 'grease'}
[2025-09-21 16:46:05,379] INFO - <<< select_bearing OK
[2025-09-21 16:46:52,578] INFO - EOF or invalid frame. Exiting.
[2025-09-21 16:46:59,077] INFO - Server started and waiting for requests...
[2025-09-21 16:47:25,495] INFO - >>> verify_point {'model': 'NTN_6205C3', 'Fr_N': 3000.0, 'Fa_N': 800.0, 'rpm': 1500.0, 'reliability_percent': 90, 'temperature_C': 40.0, 'lubrication': 'oil', 'L10h_target': 120000.0}
[2025-09-21 16:47:25,496] INFO - <<< verify_point OK
[2025-09-21 17:49:25,025] INFO - EOF or invalid frame. Exiting.
[2025-09-21 17:49:58,195] INFO - Server started and waiting for requests...
[2025-09-21 21:57:45,547] INFO - >>> select_bearing {'Fr_N': 3500.0, 'Fa_N': 1200.0, 'rpm': 1800.0, 'L10h_target': 12000.0}
[2025-09-21 21:57:45,574] INFO - <<< select_bearing OK
[2025-09-21 21:58:02,593] INFO - >>> select_bearing {'Fr_N': 1000.0, 'Fa_N': 500.0, 'rpm': 1750.0, 'L10h_target': 12000.0}
[2025-09-21 21:58:02,594] INFO - <<< select_bearing OK
[2025-09-21 21:58:31,662] INFO - >>> catalog_list {}
[2025-09-21 21:58:31,662] INFO - <<< catalog_list OK
[2025-09-21 21:58:36,477] INFO - >>> catalog_list {}
[2025-09-21 21:58:36,477] INFO - <<< catalog_list OK
[2025-09-21 22:00:45,269] INFO - >>> select_bearing {'Fr_N': 1000.0, 'Fa_N': 5000.0, 'rpm': 1750.0, 'L10h_target': 12000.0}
[2025-09-21 22:00:45,271] INFO - <<< select_bearing OK
[2025-09-21 22:00:54,560] INFO - >>> select_bearing {'Fr_N': 1000.0, 'Fa_N': 1500.0, 'rpm': 1750.0, 'L10h_target': 12000.0}
[2025-09-21 22:00:54,560] INFO - <<< select_bearing OK
[2025-09-21 22:01:01,548] INFO - >>> select_bearing {'Fr_N': 1000.0, 'Fa_N': 1000.0, 'rpm': 1750.0, 'L10h_target': 12000.0}
[2025-09-21 22:01:01,549] INFO - <<< select_bearing OK
